2019-03-15 20:01:34,652 INFO 680 [egg-schedule]: register schedule C:\Users\18730\easy\reactMultiple\node_modules\egg-logrotator\app\schedule\clean_log.js
2019-03-15 20:01:34,652 INFO 680 [egg-schedule]: register schedule C:\Users\18730\easy\reactMultiple\node_modules\egg-logrotator\app\schedule\rotate_by_file.js
2019-03-15 20:01:34,752 INFO 13364 [Timer] C:\Users\18730\easy\reactMultiple\node_modules\egg-logrotator\app\schedule\clean_log.js next time will execute after 14305248ms at 2019-03-16 00:00:00.000
2019-03-15 20:01:34,752 INFO 13364 [Timer] C:\Users\18730\easy\reactMultiple\node_modules\egg-logrotator\app\schedule\rotate_by_file.js next time will execute after 14306248ms at 2019-03-16 00:00:01.000
2019-03-15 20:05:36,576 INFO 16288 [Timer] d:\kaitlyn\chiyuu.cn\node_modules\egg-logrotator\app\schedule\clean_log.js next time will execute after 14063424ms at 2019-03-16 00:00:00.000
2019-03-15 20:05:36,576 INFO 16288 [Timer] d:\kaitlyn\chiyuu.cn\node_modules\egg-logrotator\app\schedule\rotate_by_file.js next time will execute after 14064424ms at 2019-03-16 00:00:01.000
2019-03-15 20:05:36,307 INFO 13580 [egg-schedule]: register schedule d:\kaitlyn\chiyuu.cn\node_modules\egg-logrotator\app\schedule\clean_log.js
2019-03-15 20:05:36,307 INFO 13580 [egg-schedule]: register schedule d:\kaitlyn\chiyuu.cn\node_modules\egg-logrotator\app\schedule\rotate_by_file.js
2019-03-15 20:13:21,692 INFO 15756 [egg-schedule]: register schedule d:\kaitlyn\chiyuu.cn\node_modules\egg-logrotator\app\schedule\clean_log.js
2019-03-15 20:13:21,692 INFO 15756 [egg-schedule]: register schedule d:\kaitlyn\chiyuu.cn\node_modules\egg-logrotator\app\schedule\rotate_by_file.js
2019-03-15 20:15:42,558 INFO 14020 [egg-schedule]: register schedule d:\kaitlyn\chiyuu.cn\node_modules\egg-logrotator\app\schedule\clean_log.js
2019-03-15 20:15:42,558 INFO 14020 [egg-schedule]: register schedule d:\kaitlyn\chiyuu.cn\node_modules\egg-logrotator\app\schedule\rotate_by_file.js
2019-03-15 20:16:55,819 INFO 6372 [egg-schedule]: register schedule d:\kaitlyn\chiyuu.cn\node_modules\egg-logrotator\app\schedule\clean_log.js
2019-03-15 20:16:55,819 INFO 6372 [egg-schedule]: register schedule d:\kaitlyn\chiyuu.cn\node_modules\egg-logrotator\app\schedule\rotate_by_file.js
2019-03-15 20:17:03,632 INFO 14032 [Timer] d:\kaitlyn\chiyuu.cn\node_modules\egg-logrotator\app\schedule\clean_log.js next time will execute after 13376369ms at 2019-03-16 00:00:00.001
2019-03-15 20:17:03,632 INFO 14032 [Timer] d:\kaitlyn\chiyuu.cn\node_modules\egg-logrotator\app\schedule\rotate_by_file.js next time will execute after 13377368ms at 2019-03-16 00:00:01.000
2019-03-15 20:17:03,537 INFO 5904 [egg-schedule]: register schedule d:\kaitlyn\chiyuu.cn\node_modules\egg-logrotator\app\schedule\clean_log.js
2019-03-15 20:17:03,537 INFO 5904 [egg-schedule]: register schedule d:\kaitlyn\chiyuu.cn\node_modules\egg-logrotator\app\schedule\rotate_by_file.js
2019-03-15 20:20:14,233 INFO 4816 [egg-schedule]: register schedule d:\kaitlyn\chiyuu.cn\node_modules\egg-logrotator\app\schedule\clean_log.js
2019-03-15 20:20:14,233 INFO 4816 [egg-schedule]: register schedule d:\kaitlyn\chiyuu.cn\node_modules\egg-logrotator\app\schedule\rotate_by_file.js
2019-03-15 20:21:28,704 INFO 7128 [Timer] d:\kaitlyn\chiyuu.cn\node_modules\egg-logrotator\app\schedule\clean_log.js next time will execute after 13111296ms at 2019-03-16 00:00:00.000
2019-03-15 20:21:28,704 INFO 7128 [Timer] d:\kaitlyn\chiyuu.cn\node_modules\egg-logrotator\app\schedule\rotate_by_file.js next time will execute after 13112296ms at 2019-03-16 00:00:01.000
2019-03-15 20:21:28,606 INFO 12844 [egg-schedule]: register schedule d:\kaitlyn\chiyuu.cn\node_modules\egg-logrotator\app\schedule\clean_log.js
2019-03-15 20:21:28,606 INFO 12844 [egg-schedule]: register schedule d:\kaitlyn\chiyuu.cn\node_modules\egg-logrotator\app\schedule\rotate_by_file.js
2019-03-15 20:23:47,454 INFO 1784 [Timer] d:\kaitlyn\chiyuu.cn\node_modules\egg-logrotator\app\schedule\clean_log.js next time will execute after 12972546ms at 2019-03-16 00:00:00.000
2019-03-15 20:23:47,454 INFO 1784 [Timer] d:\kaitlyn\chiyuu.cn\node_modules\egg-logrotator\app\schedule\rotate_by_file.js next time will execute after 12973546ms at 2019-03-16 00:00:01.000
2019-03-15 20:23:47,357 INFO 8040 [egg-schedule]: register schedule d:\kaitlyn\chiyuu.cn\node_modules\egg-logrotator\app\schedule\clean_log.js
2019-03-15 20:23:47,357 INFO 8040 [egg-schedule]: register schedule d:\kaitlyn\chiyuu.cn\node_modules\egg-logrotator\app\schedule\rotate_by_file.js
2019-03-15 20:48:00,903 INFO 12500 [Timer] d:\kaitlyn\chiyuu.cn\node_modules\egg-logrotator\app\schedule\clean_log.js next time will execute after 11519099ms at 2019-03-16 00:00:00.002
2019-03-15 20:48:00,903 INFO 12500 [Timer] d:\kaitlyn\chiyuu.cn\node_modules\egg-logrotator\app\schedule\rotate_by_file.js next time will execute after 11520097ms at 2019-03-16 00:00:01.000
2019-03-15 20:48:00,782 INFO 5472 [egg-schedule]: register schedule d:\kaitlyn\chiyuu.cn\node_modules\egg-logrotator\app\schedule\clean_log.js
2019-03-15 20:48:00,782 INFO 5472 [egg-schedule]: register schedule d:\kaitlyn\chiyuu.cn\node_modules\egg-logrotator\app\schedule\rotate_by_file.js
2019-03-18 19:19:33,030 INFO 13088 [egg-schedule]: register schedule D:\kaitlyn\chiyuu.cn\node_modules\egg-logrotator\app\schedule\clean_log.js
2019-03-18 19:19:33,030 INFO 13088 [egg-schedule]: register schedule D:\kaitlyn\chiyuu.cn\node_modules\egg-logrotator\app\schedule\rotate_by_file.js
2019-03-18 19:19:33,480 INFO 19412 [Timer] D:\kaitlyn\chiyuu.cn\node_modules\egg-logrotator\app\schedule\clean_log.js next time will execute after 16826521ms at 2019-03-19 00:00:00.001
2019-03-18 19:19:33,481 INFO 19412 [Timer] D:\kaitlyn\chiyuu.cn\node_modules\egg-logrotator\app\schedule\rotate_by_file.js next time will execute after 16827519ms at 2019-03-19 00:00:01.000
2019-03-18 19:19:36,355 INFO 18084 [egg-schedule]: register schedule D:\kaitlyn\chiyuu.cn\node_modules\egg-logrotator\app\schedule\clean_log.js
2019-03-18 19:19:36,355 INFO 18084 [egg-schedule]: register schedule D:\kaitlyn\chiyuu.cn\node_modules\egg-logrotator\app\schedule\rotate_by_file.js
2019-03-20 19:04:32,518 INFO 8528 [egg-schedule]: register schedule D:\kaitlyn\chiyuu.cn\node_modules\egg-logrotator\app\schedule\clean_log.js
2019-03-20 19:04:32,518 INFO 8528 [egg-schedule]: register schedule D:\kaitlyn\chiyuu.cn\node_modules\egg-logrotator\app\schedule\rotate_by_file.js
2019-03-20 19:04:33,105 INFO 12008 [Timer] D:\kaitlyn\chiyuu.cn\node_modules\egg-logrotator\app\schedule\clean_log.js next time will execute after 17726897ms at 2019-03-21 00:00:00.002
2019-03-20 19:04:33,106 INFO 12008 [Timer] D:\kaitlyn\chiyuu.cn\node_modules\egg-logrotator\app\schedule\rotate_by_file.js next time will execute after 17727894ms at 2019-03-21 00:00:01.000
2019-03-20 19:04:36,326 INFO 6320 [egg-schedule]: register schedule D:\kaitlyn\chiyuu.cn\node_modules\egg-logrotator\app\schedule\clean_log.js
2019-03-20 19:04:36,326 INFO 6320 [egg-schedule]: register schedule D:\kaitlyn\chiyuu.cn\node_modules\egg-logrotator\app\schedule\rotate_by_file.js
2019-03-21 19:09:22,439 INFO 8188 [egg-schedule]: register schedule D:\kaitlyn\chiyuu.cn\node_modules\egg-logrotator\app\schedule\clean_log.js
2019-03-21 19:09:22,439 INFO 8188 [egg-schedule]: register schedule D:\kaitlyn\chiyuu.cn\node_modules\egg-logrotator\app\schedule\rotate_by_file.js
2019-03-21 19:09:22,990 INFO 6012 [Timer] D:\kaitlyn\chiyuu.cn\node_modules\egg-logrotator\app\schedule\clean_log.js next time will execute after 17437033ms at 2019-03-22 00:00:00.023
2019-03-21 19:09:22,990 INFO 6012 [Timer] D:\kaitlyn\chiyuu.cn\node_modules\egg-logrotator\app\schedule\rotate_by_file.js next time will execute after 17438010ms at 2019-03-22 00:00:01.000
2019-03-21 19:09:26,193 INFO 17044 [egg-schedule]: register schedule D:\kaitlyn\chiyuu.cn\node_modules\egg-logrotator\app\schedule\clean_log.js
2019-03-21 19:09:26,193 INFO 17044 [egg-schedule]: register schedule D:\kaitlyn\chiyuu.cn\node_modules\egg-logrotator\app\schedule\rotate_by_file.js
2019-03-22 19:20:29,728 INFO 9624 [egg-schedule]: register schedule D:\kaitlyn\chiyuu.cn\node_modules\egg-logrotator\app\schedule\clean_log.js
2019-03-22 19:20:29,728 INFO 9624 [egg-schedule]: register schedule D:\kaitlyn\chiyuu.cn\node_modules\egg-logrotator\app\schedule\rotate_by_file.js
2019-03-22 19:20:30,283 INFO 3444 [Timer] D:\kaitlyn\chiyuu.cn\node_modules\egg-logrotator\app\schedule\clean_log.js next time will execute after 16769719ms at 2019-03-23 00:00:00.001
2019-03-22 19:20:30,283 INFO 3444 [Timer] D:\kaitlyn\chiyuu.cn\node_modules\egg-logrotator\app\schedule\rotate_by_file.js next time will execute after 16770717ms at 2019-03-23 00:00:01.000
2019-03-22 19:20:33,303 INFO 6836 [egg-schedule]: register schedule D:\kaitlyn\chiyuu.cn\node_modules\egg-logrotator\app\schedule\clean_log.js
2019-03-22 19:20:33,303 INFO 6836 [egg-schedule]: register schedule D:\kaitlyn\chiyuu.cn\node_modules\egg-logrotator\app\schedule\rotate_by_file.js
2019-03-25 19:45:06,168 INFO 15336 [Timer] D:\kaitlyn\chiyuu.cn\node_modules\egg-logrotator\app\schedule\clean_log.js next time will execute after 15293833ms at 2019-03-26 00:00:00.001
2019-03-25 19:45:06,168 INFO 15336 [Timer] D:\kaitlyn\chiyuu.cn\node_modules\egg-logrotator\app\schedule\rotate_by_file.js next time will execute after 15294832ms at 2019-03-26 00:00:01.000
2019-03-25 19:45:05,679 INFO 12012 [egg-schedule]: register schedule D:\kaitlyn\chiyuu.cn\node_modules\egg-logrotator\app\schedule\clean_log.js
2019-03-25 19:45:05,679 INFO 12012 [egg-schedule]: register schedule D:\kaitlyn\chiyuu.cn\node_modules\egg-logrotator\app\schedule\rotate_by_file.js
2019-03-25 19:45:09,012 INFO 22224 [egg-schedule]: register schedule D:\kaitlyn\chiyuu.cn\node_modules\egg-logrotator\app\schedule\clean_log.js
2019-03-25 19:45:09,012 INFO 22224 [egg-schedule]: register schedule D:\kaitlyn\chiyuu.cn\node_modules\egg-logrotator\app\schedule\rotate_by_file.js
2019-03-26 19:25:53,080 INFO 10620 [egg-schedule]: register schedule D:\kaitlyn\chiyuu.cn\node_modules\egg-logrotator\app\schedule\clean_log.js
2019-03-26 19:25:53,080 INFO 10620 [egg-schedule]: register schedule D:\kaitlyn\chiyuu.cn\node_modules\egg-logrotator\app\schedule\rotate_by_file.js
2019-03-26 19:25:53,640 INFO 16296 [Timer] D:\kaitlyn\chiyuu.cn\node_modules\egg-logrotator\app\schedule\clean_log.js next time will execute after 16446360ms at 2019-03-27 00:00:00.000
2019-03-26 19:25:53,640 INFO 16296 [Timer] D:\kaitlyn\chiyuu.cn\node_modules\egg-logrotator\app\schedule\rotate_by_file.js next time will execute after 16447360ms at 2019-03-27 00:00:01.000
2019-03-26 19:25:56,779 INFO 16944 [egg-schedule]: register schedule D:\kaitlyn\chiyuu.cn\node_modules\egg-logrotator\app\schedule\clean_log.js
2019-03-26 19:25:56,779 INFO 16944 [egg-schedule]: register schedule D:\kaitlyn\chiyuu.cn\node_modules\egg-logrotator\app\schedule\rotate_by_file.js
2019-03-26 19:33:16,370 INFO 7808 [egg-schedule]: register schedule D:\kaitlyn\chiyuu.cn\node_modules\egg-logrotator\app\schedule\clean_log.js
2019-03-26 19:33:16,370 INFO 7808 [egg-schedule]: register schedule D:\kaitlyn\chiyuu.cn\node_modules\egg-logrotator\app\schedule\rotate_by_file.js
2019-03-26 19:33:16,461 INFO 1280 [Timer] D:\kaitlyn\chiyuu.cn\node_modules\egg-logrotator\app\schedule\clean_log.js next time will execute after 16003539ms at 2019-03-27 00:00:00.000
2019-03-26 19:33:16,461 INFO 1280 [Timer] D:\kaitlyn\chiyuu.cn\node_modules\egg-logrotator\app\schedule\rotate_by_file.js next time will execute after 16004539ms at 2019-03-27 00:00:01.000
2019-03-26 19:40:32,427 INFO 3152 [Timer] D:\kaitlyn\chiyuu.cn\node_modules\egg-logrotator\app\schedule\clean_log.js next time will execute after 15567574ms at 2019-03-27 00:00:00.001
2019-03-26 19:40:32,428 INFO 3152 [Timer] D:\kaitlyn\chiyuu.cn\node_modules\egg-logrotator\app\schedule\rotate_by_file.js next time will execute after 15568573ms at 2019-03-27 00:00:01.001
2019-03-26 19:40:32,324 INFO 144 [egg-schedule]: register schedule D:\kaitlyn\chiyuu.cn\node_modules\egg-logrotator\app\schedule\clean_log.js
2019-03-26 19:40:32,324 INFO 144 [egg-schedule]: register schedule D:\kaitlyn\chiyuu.cn\node_modules\egg-logrotator\app\schedule\rotate_by_file.js
2019-03-26 19:43:50,994 INFO 4080 [egg-schedule]: register schedule D:\kaitlyn\chiyuu.cn\node_modules\egg-logrotator\app\schedule\clean_log.js
2019-03-26 19:43:50,994 INFO 4080 [egg-schedule]: register schedule D:\kaitlyn\chiyuu.cn\node_modules\egg-logrotator\app\schedule\rotate_by_file.js
2019-03-26 19:43:51,085 INFO 5964 [Timer] D:\kaitlyn\chiyuu.cn\node_modules\egg-logrotator\app\schedule\clean_log.js next time will execute after 15368917ms at 2019-03-27 00:00:00.002
2019-03-26 19:43:51,085 INFO 5964 [Timer] D:\kaitlyn\chiyuu.cn\node_modules\egg-logrotator\app\schedule\rotate_by_file.js next time will execute after 15369915ms at 2019-03-27 00:00:01.000
2019-03-26 19:47:09,443 INFO 16148 [Timer] D:\kaitlyn\chiyuu.cn\node_modules\egg-logrotator\app\schedule\clean_log.js next time will execute after 15170558ms at 2019-03-27 00:00:00.001
2019-03-26 19:47:09,444 INFO 16148 [Timer] D:\kaitlyn\chiyuu.cn\node_modules\egg-logrotator\app\schedule\rotate_by_file.js next time will execute after 15171557ms at 2019-03-27 00:00:01.001
2019-03-26 19:47:09,324 INFO 12244 [egg-schedule]: register schedule D:\kaitlyn\chiyuu.cn\node_modules\egg-logrotator\app\schedule\clean_log.js
2019-03-26 19:47:09,325 INFO 12244 [egg-schedule]: register schedule D:\kaitlyn\chiyuu.cn\node_modules\egg-logrotator\app\schedule\rotate_by_file.js
2019-03-26 19:50:36,010 INFO 5080 [egg-schedule]: register schedule D:\kaitlyn\chiyuu.cn\node_modules\egg-logrotator\app\schedule\clean_log.js
2019-03-26 19:50:36,010 INFO 5080 [egg-schedule]: register schedule D:\kaitlyn\chiyuu.cn\node_modules\egg-logrotator\app\schedule\rotate_by_file.js
2019-03-26 19:50:36,113 INFO 4488 [Timer] D:\kaitlyn\chiyuu.cn\node_modules\egg-logrotator\app\schedule\clean_log.js next time will execute after 14963887ms at 2019-03-27 00:00:00.000
2019-03-26 19:50:36,113 INFO 4488 [Timer] D:\kaitlyn\chiyuu.cn\node_modules\egg-logrotator\app\schedule\rotate_by_file.js next time will execute after 14964887ms at 2019-03-27 00:00:01.000
2019-03-27 19:12:01,250 INFO 17152 [egg-schedule]: register schedule D:\kaitlyn\chiyuu.cn\node_modules\egg-logrotator\app\schedule\clean_log.js
2019-03-27 19:12:01,250 INFO 17152 [egg-schedule]: register schedule D:\kaitlyn\chiyuu.cn\node_modules\egg-logrotator\app\schedule\rotate_by_file.js
2019-03-27 19:12:02,256 INFO 15008 [Timer] D:\kaitlyn\chiyuu.cn\node_modules\egg-logrotator\app\schedule\clean_log.js next time will execute after 17277746ms at 2019-03-28 00:00:00.002
2019-03-27 19:12:02,257 INFO 15008 [Timer] D:\kaitlyn\chiyuu.cn\node_modules\egg-logrotator\app\schedule\rotate_by_file.js next time will execute after 17278744ms at 2019-03-28 00:00:01.001
2019-03-27 19:12:05,398 INFO 2900 [egg-schedule]: register schedule D:\kaitlyn\chiyuu.cn\node_modules\egg-logrotator\app\schedule\clean_log.js
2019-03-27 19:12:05,398 INFO 2900 [egg-schedule]: register schedule D:\kaitlyn\chiyuu.cn\node_modules\egg-logrotator\app\schedule\rotate_by_file.js
2019-03-28 19:09:43,548 INFO 2076 [egg-schedule]: register schedule D:\kaitlyn\chiyuu.cn\node_modules\egg-logrotator\app\schedule\clean_log.js
2019-03-28 19:09:43,548 INFO 2076 [egg-schedule]: register schedule D:\kaitlyn\chiyuu.cn\node_modules\egg-logrotator\app\schedule\rotate_by_file.js
2019-03-28 19:09:44,091 INFO 6160 [Timer] D:\kaitlyn\chiyuu.cn\node_modules\egg-logrotator\app\schedule\clean_log.js next time will execute after 17415911ms at 2019-03-29 00:00:00.002
2019-03-28 19:09:44,091 INFO 6160 [Timer] D:\kaitlyn\chiyuu.cn\node_modules\egg-logrotator\app\schedule\rotate_by_file.js next time will execute after 17416909ms at 2019-03-29 00:00:01.000
2019-03-28 19:09:47,596 INFO 5800 [egg-schedule]: register schedule D:\kaitlyn\chiyuu.cn\node_modules\egg-logrotator\app\schedule\clean_log.js
2019-03-28 19:09:47,596 INFO 5800 [egg-schedule]: register schedule D:\kaitlyn\chiyuu.cn\node_modules\egg-logrotator\app\schedule\rotate_by_file.js
2019-04-02 19:22:00,835 INFO 19304 [egg-schedule]: register schedule D:\kaitlyn\chiyuu.cn\node_modules\egg-logrotator\app\schedule\clean_log.js
2019-04-02 19:22:00,835 INFO 19304 [egg-schedule]: register schedule D:\kaitlyn\chiyuu.cn\node_modules\egg-logrotator\app\schedule\rotate_by_file.js
2019-04-02 19:22:01,237 INFO 11612 [Timer] D:\kaitlyn\chiyuu.cn\node_modules\egg-logrotator\app\schedule\clean_log.js next time will execute after 16678764ms at 2019-04-03 00:00:00.001
2019-04-02 19:22:01,237 INFO 11612 [Timer] D:\kaitlyn\chiyuu.cn\node_modules\egg-logrotator\app\schedule\rotate_by_file.js next time will execute after 16679763ms at 2019-04-03 00:00:01.000
2019-04-02 19:22:03,824 INFO 9148 [egg-schedule]: register schedule D:\kaitlyn\chiyuu.cn\node_modules\egg-logrotator\app\schedule\clean_log.js
2019-04-02 19:22:03,824 INFO 9148 [egg-schedule]: register schedule D:\kaitlyn\chiyuu.cn\node_modules\egg-logrotator\app\schedule\rotate_by_file.js
2019-04-02 19:23:30,770 INFO 6804 [Timer] D:\kaitlyn\chiyuu.cn\node_modules\egg-logrotator\app\schedule\clean_log.js next time will execute after 16589231ms at 2019-04-03 00:00:00.001
2019-04-02 19:23:30,771 INFO 6804 [Timer] D:\kaitlyn\chiyuu.cn\node_modules\egg-logrotator\app\schedule\rotate_by_file.js next time will execute after 16590230ms at 2019-04-03 00:00:01.001
2019-04-02 19:23:30,674 INFO 18916 [egg-schedule]: register schedule D:\kaitlyn\chiyuu.cn\node_modules\egg-logrotator\app\schedule\clean_log.js
2019-04-02 19:23:30,674 INFO 18916 [egg-schedule]: register schedule D:\kaitlyn\chiyuu.cn\node_modules\egg-logrotator\app\schedule\rotate_by_file.js
2019-04-02 19:50:55,428 INFO 3084 [egg-schedule]: register schedule D:\kaitlyn\chiyuu.cn\node_modules\egg-logrotator\app\schedule\clean_log.js
2019-04-02 19:50:55,428 INFO 3084 [egg-schedule]: register schedule D:\kaitlyn\chiyuu.cn\node_modules\egg-logrotator\app\schedule\rotate_by_file.js
2019-04-02 19:50:55,519 INFO 7828 [Timer] D:\kaitlyn\chiyuu.cn\node_modules\egg-logrotator\app\schedule\clean_log.js next time will execute after 14944483ms at 2019-04-03 00:00:00.002
2019-04-02 19:50:55,519 INFO 7828 [Timer] D:\kaitlyn\chiyuu.cn\node_modules\egg-logrotator\app\schedule\rotate_by_file.js next time will execute after 14945481ms at 2019-04-03 00:00:01.000
2019-04-03 19:07:18,630 INFO 18856 [egg-schedule]: register schedule D:\kaitlyn\chiyuu.cn\node_modules\egg-logrotator\app\schedule\clean_log.js
2019-04-03 19:07:18,630 INFO 18856 [egg-schedule]: register schedule D:\kaitlyn\chiyuu.cn\node_modules\egg-logrotator\app\schedule\rotate_by_file.js
2019-04-03 19:07:19,266 INFO 10860 [Timer] D:\kaitlyn\chiyuu.cn\node_modules\egg-logrotator\app\schedule\clean_log.js next time will execute after 17560736ms at 2019-04-04 00:00:00.002
2019-04-03 19:07:19,266 INFO 10860 [Timer] D:\kaitlyn\chiyuu.cn\node_modules\egg-logrotator\app\schedule\rotate_by_file.js next time will execute after 17561734ms at 2019-04-04 00:00:01.000
2019-04-03 19:07:22,395 INFO 7692 [egg-schedule]: register schedule D:\kaitlyn\chiyuu.cn\node_modules\egg-logrotator\app\schedule\clean_log.js
2019-04-03 19:07:22,395 INFO 7692 [egg-schedule]: register schedule D:\kaitlyn\chiyuu.cn\node_modules\egg-logrotator\app\schedule\rotate_by_file.js
2019-04-04 19:43:45,135 INFO 20600 [egg-schedule]: register schedule D:\kaitlyn\chiyuu.cn\node_modules\egg-logrotator\app\schedule\clean_log.js
2019-04-04 19:43:45,135 INFO 20600 [egg-schedule]: register schedule D:\kaitlyn\chiyuu.cn\node_modules\egg-logrotator\app\schedule\rotate_by_file.js
2019-04-04 19:43:45,617 INFO 10440 [Timer] D:\kaitlyn\chiyuu.cn\node_modules\egg-logrotator\app\schedule\clean_log.js next time will execute after 15374385ms at 2019-04-05 00:00:00.002
2019-04-04 19:43:45,617 INFO 10440 [Timer] D:\kaitlyn\chiyuu.cn\node_modules\egg-logrotator\app\schedule\rotate_by_file.js next time will execute after 15375383ms at 2019-04-05 00:00:01.000
2019-04-04 19:43:48,489 INFO 12836 [egg-schedule]: register schedule D:\kaitlyn\chiyuu.cn\node_modules\egg-logrotator\app\schedule\clean_log.js
2019-04-04 19:43:48,489 INFO 12836 [egg-schedule]: register schedule D:\kaitlyn\chiyuu.cn\node_modules\egg-logrotator\app\schedule\rotate_by_file.js
2019-04-04 19:54:39,132 INFO 22916 [Timer] D:\kaitlyn\chiyuu.cn\node_modules\egg-logrotator\app\schedule\clean_log.js next time will execute after 14720870ms at 2019-04-05 00:00:00.002
2019-04-04 19:54:39,132 INFO 22916 [Timer] D:\kaitlyn\chiyuu.cn\node_modules\egg-logrotator\app\schedule\rotate_by_file.js next time will execute after 14721868ms at 2019-04-05 00:00:01.000
2019-04-04 19:54:39,037 INFO 21040 [egg-schedule]: register schedule D:\kaitlyn\chiyuu.cn\node_modules\egg-logrotator\app\schedule\clean_log.js
2019-04-04 19:54:39,037 INFO 21040 [egg-schedule]: register schedule D:\kaitlyn\chiyuu.cn\node_modules\egg-logrotator\app\schedule\rotate_by_file.js
2019-04-08 19:37:34,382 INFO 13596 [egg-schedule]: register schedule D:\kaitlyn\chiyuu.cn\node_modules\egg-logrotator\app\schedule\clean_log.js
2019-04-08 19:37:34,382 INFO 13596 [egg-schedule]: register schedule D:\kaitlyn\chiyuu.cn\node_modules\egg-logrotator\app\schedule\rotate_by_file.js
2019-04-08 19:37:34,873 INFO 13272 [Timer] D:\kaitlyn\chiyuu.cn\node_modules\egg-logrotator\app\schedule\clean_log.js next time will execute after 15745128ms at 2019-04-09 00:00:00.001
2019-04-08 19:37:34,874 INFO 13272 [Timer] D:\kaitlyn\chiyuu.cn\node_modules\egg-logrotator\app\schedule\rotate_by_file.js next time will execute after 15746127ms at 2019-04-09 00:00:01.001
2019-04-08 19:37:37,900 INFO 9316 [egg-schedule]: register schedule D:\kaitlyn\chiyuu.cn\node_modules\egg-logrotator\app\schedule\clean_log.js
2019-04-08 19:37:37,900 INFO 9316 [egg-schedule]: register schedule D:\kaitlyn\chiyuu.cn\node_modules\egg-logrotator\app\schedule\rotate_by_file.js
2019-04-09 19:06:47,109 INFO 956 [egg-schedule]: register schedule D:\kaitlyn\chiyuu.cn\node_modules\egg-logrotator\app\schedule\clean_log.js
2019-04-09 19:06:47,109 INFO 956 [egg-schedule]: register schedule D:\kaitlyn\chiyuu.cn\node_modules\egg-logrotator\app\schedule\rotate_by_file.js
2019-04-09 19:06:48,250 INFO 8508 [Timer] D:\kaitlyn\chiyuu.cn\node_modules\egg-logrotator\app\schedule\clean_log.js next time will execute after 17591752ms at 2019-04-10 00:00:00.002
2019-04-09 19:06:48,251 INFO 8508 [Timer] D:\kaitlyn\chiyuu.cn\node_modules\egg-logrotator\app\schedule\rotate_by_file.js next time will execute after 17592749ms at 2019-04-10 00:00:01.000
2019-04-09 19:06:50,127 INFO 15056 [egg-schedule]: register schedule D:\kaitlyn\chiyuu.cn\node_modules\egg-logrotator\app\schedule\clean_log.js
2019-04-09 19:06:50,127 INFO 15056 [egg-schedule]: register schedule D:\kaitlyn\chiyuu.cn\node_modules\egg-logrotator\app\schedule\rotate_by_file.js
2019-04-09 19:06:53,718 INFO 9528 [egg-schedule]: register schedule D:\kaitlyn\chiyuu.cn\node_modules\egg-logrotator\app\schedule\clean_log.js
2019-04-09 19:06:53,718 INFO 9528 [egg-schedule]: register schedule D:\kaitlyn\chiyuu.cn\node_modules\egg-logrotator\app\schedule\rotate_by_file.js
