2019-03-15 20:17:08,222 ERROR 5904 [-/127.0.0.1/-/202ms GET /] nodejs.TypeError: Cannot read property 'text' of undefined
    at Module.render (webpack:///./app/web/page/ant/tab/tab.jsx?:59:32)
    at processChild (d:\kaitlyn\chiyuu.cn\node_modules\react-dom\cjs\react-dom-server.node.development.js:2942:18)
    at resolve (d:\kaitlyn\chiyuu.cn\node_modules\react-dom\cjs\react-dom-server.node.development.js:2795:5)
    at ReactDOMServerRenderer.render (d:\kaitlyn\chiyuu.cn\node_modules\react-dom\cjs\react-dom-server.node.development.js:3185:22)
    at ReactDOMServerRenderer.read (d:\kaitlyn\chiyuu.cn\node_modules\react-dom\cjs\react-dom-server.node.development.js:3144:29)
    at Object.renderToString (d:\kaitlyn\chiyuu.cn\node_modules\react-dom\cjs\react-dom-server.node.development.js:3629:27)
    at Engine.renderToString (d:\kaitlyn\chiyuu.cn\node_modules\egg-view-react-ssr\lib\engine.js:130:27)
    at Engine.renderElement (d:\kaitlyn\chiyuu.cn\node_modules\egg-view-react-ssr\lib\engine.js:100:35)
    at d:\kaitlyn\chiyuu.cn\node_modules\egg-webpack-react\app.js:28:26
    at Generator.next (<anonymous>)
    at onFulfilled (d:\kaitlyn\chiyuu.cn\node_modules\co\index.js:65:19)
    at <anonymous>
    at process._tickCallback (internal/process/next_tick.js:188:7)

pid: 5904
hostname: kaitlyn-hp

2019-03-15 20:19:52,163 ERROR 5904 [-/127.0.0.1/-/36ms GET /] nodejs.TypeError: Cannot read property 'text' of undefined
    at Module.render (webpack:///./app/web/page/ant/tab/tab.jsx?:59:32)
    at processChild (d:\kaitlyn\chiyuu.cn\node_modules\react-dom\cjs\react-dom-server.node.development.js:2942:18)
    at resolve (d:\kaitlyn\chiyuu.cn\node_modules\react-dom\cjs\react-dom-server.node.development.js:2795:5)
    at ReactDOMServerRenderer.render (d:\kaitlyn\chiyuu.cn\node_modules\react-dom\cjs\react-dom-server.node.development.js:3185:22)
    at ReactDOMServerRenderer.read (d:\kaitlyn\chiyuu.cn\node_modules\react-dom\cjs\react-dom-server.node.development.js:3144:29)
    at Object.renderToString (d:\kaitlyn\chiyuu.cn\node_modules\react-dom\cjs\react-dom-server.node.development.js:3629:27)
    at Engine.renderToString (d:\kaitlyn\chiyuu.cn\node_modules\egg-view-react-ssr\lib\engine.js:130:27)
    at Engine.renderElement (d:\kaitlyn\chiyuu.cn\node_modules\egg-view-react-ssr\lib\engine.js:100:35)
    at d:\kaitlyn\chiyuu.cn\node_modules\egg-webpack-react\app.js:28:26
    at Generator.next (<anonymous>)
    at onFulfilled (d:\kaitlyn\chiyuu.cn\node_modules\co\index.js:65:19)
    at <anonymous>
    at process._tickCallback (internal/process/next_tick.js:188:7)

pid: 5904
hostname: kaitlyn-hp

2019-03-15 20:21:31,211 ERROR 12844 [-/127.0.0.1/-/28ms GET /] nodejs.MODULE_NOT_FOUNDError: Cannot find module 'component/header/header.jsx'
    at webpackMissingModule (webpack:///./app/web/page/home/home.jsx?./node_modules/babel-loader/lib!./app/web/framework/entry/server-loader.js:5:45)
    at Module.eval (webpack:///./app/web/page/home/home.jsx?./node_modules/babel-loader/lib!./app/web/framework/entry/server-loader.js:5:147)
    at eval (webpack:///./app/web/page/home/home.jsx?./node_modules/babel-loader/lib!./app/web/framework/entry/server-loader.js:74:30)
    at Module../node_modules/babel-loader/lib/index.js!./app/web/framework/entry/server-loader.js!./app/web/page/home/home.jsx (evalmachine.<anonymous>:132:1)
    at __webpack_require__ (evalmachine.<anonymous>:20:30)
    at evalmachine.<anonymous>:84:18
    at evalmachine.<anonymous>:87:10
    at d:\kaitlyn\chiyuu.cn\node_modules\egg-webpack-react\app.js:23:37
    at Generator.next (<anonymous>)
    at onFulfilled (d:\kaitlyn\chiyuu.cn\node_modules\co\index.js:65:19)
    at <anonymous>
    at process._tickCallback (internal/process/next_tick.js:188:7)
code: "MODULE_NOT_FOUND"
name: "MODULE_NOT_FOUNDError"
pid: 12844
hostname: kaitlyn-hp

2019-03-20 20:26:38,515 ERROR 6320 [-/127.0.0.1/-/28ms GET /] nodejs.ReferenceError: props is not defined
    at Works.render (webpack:///./app/web/page/home/component/WorkItem.jsx?:46:11)
    at processChild (D:\kaitlyn\chiyuu.cn\node_modules\react-dom\cjs\react-dom-server.node.development.js:2942:18)
    at resolve (D:\kaitlyn\chiyuu.cn\node_modules\react-dom\cjs\react-dom-server.node.development.js:2795:5)
    at ReactDOMServerRenderer.render (D:\kaitlyn\chiyuu.cn\node_modules\react-dom\cjs\react-dom-server.node.development.js:3185:22)
    at ReactDOMServerRenderer.read (D:\kaitlyn\chiyuu.cn\node_modules\react-dom\cjs\react-dom-server.node.development.js:3144:29)
    at Object.renderToString (D:\kaitlyn\chiyuu.cn\node_modules\react-dom\cjs\react-dom-server.node.development.js:3629:27)
    at Engine.renderToString (D:\kaitlyn\chiyuu.cn\node_modules\egg-view-react-ssr\lib\engine.js:130:27)
    at Engine.renderElement (D:\kaitlyn\chiyuu.cn\node_modules\egg-view-react-ssr\lib\engine.js:100:35)
    at D:\kaitlyn\chiyuu.cn\node_modules\egg-webpack-react\app.js:28:26
    at Generator.next (<anonymous>)
    at onFulfilled (D:\kaitlyn\chiyuu.cn\node_modules\co\index.js:65:19)
    at <anonymous>
    at process._tickCallback (internal/process/next_tick.js:188:7)

pid: 6320
hostname: kaitlyn-hp

